0 info it worked if it ends with ok
1 verbose cli [ 'node', '/usr/local/bin/npm', 'update', '-g', 'ionic' ]
2 info using npm@2.1.12
3 info using node@v0.10.32
4 silly mapToRegistry name ionic
5 silly mapToRegistry using default registry
6 silly mapToRegistry registry https://registry.npmjs.org/
7 silly mapToRegistry uri https://registry.npmjs.org/ionic
8 verbose request uri https://registry.npmjs.org/ionic
9 verbose request no auth needed
10 info attempt registry request try #1 at 22:29:57
11 verbose request id 317ce92ffc721633
12 verbose etag "7HZ17NPNCNOJY5G57H4M5AHS"
13 http request GET https://registry.npmjs.org/ionic
14 http 304 https://registry.npmjs.org/ionic
15 silly get cb [ 304,
15 silly get   { date: 'Sun, 07 Jun 2015 04:29:58 GMT',
15 silly get     via: '1.1 varnish',
15 silly get     'cache-control': 'max-age=60',
15 silly get     etag: '"7HZ17NPNCNOJY5G57H4M5AHS"',
15 silly get     age: '13',
15 silly get     connection: 'keep-alive',
15 silly get     'x-served-by': 'cache-sjc3130-SJC',
15 silly get     'x-cache': 'HIT',
15 silly get     'x-cache-hits': '1',
15 silly get     'x-timer': 'S1433651398.882251,VS0,VE2',
15 silly get     vary: 'Accept' } ]
16 verbose etag https://registry.npmjs.org/ionic from cache
17 info outdated updating [ [ '/usr/local/lib', 'ionic', '1.2.13', '1.5.0', '1.5.0', 'latest' ] ]
18 verbose stack Error: EMFILE, readdir '/usr/local/lib/node_modules/docpad/node_modules/backbone/node_modules/underscore'
19 verbose cwd /www/finetime
20 error Darwin 14.3.0
21 error argv "node" "/usr/local/bin/npm" "update" "-g" "ionic"
22 error node v0.10.32
23 error npm  v2.1.12
24 error path /usr/local/lib/node_modules/docpad/node_modules/backbone/node_modules/underscore
25 error code EMFILE
26 error errno 20
27 error EMFILE, readdir '/usr/local/lib/node_modules/docpad/node_modules/backbone/node_modules/underscore'
28 error If you need help, you may report this error at:
28 error     <http://github.com/npm/npm/issues>
29 verbose exit [ 20, true ]
